<?xml version="1.0" encoding="UTF-8"?>
<testng-results skipped="0" failed="0" ignored="0" total="1" passed="1">
  <reporter-output>
  </reporter-output>
  <suite name="Default suite" duration-ms="10187" started-at="2020-02-05T10:32:09 IST" finished-at="2020-02-05T10:32:19 IST">
    <groups>
    </groups>
    <test name="Default test" duration-ms="10187" started-at="2020-02-05T10:32:09 IST" finished-at="2020-02-05T10:32:19 IST">
      <class name="open.qa.bookandplay.Test.SearchPageTest">
        <test-method status="PASS" signature="TestSearchOption()[pri:0, instance:open.qa.bookandplay.Test.SearchPageTest@63e2203c]" name="TestSearchOption" duration-ms="10108" started-at="2020-02-05T10:32:09 IST" finished-at="2020-02-05T10:32:19 IST">
          <reporter-output>
          </reporter-output>
        </test-method> <!-- TestSearchOption -->
      </class> <!-- open.qa.bookandplay.Test.SearchPageTest -->
    </test> <!-- Default test -->
  </suite> <!-- Default suite -->
</testng-results>
